{"D:\\Домашние работы по JS\\test-ci\\src\\js\\basic.js": {"path":"D:\\Домашние работы по JS\\test-ci\\src\\js\\basic.js","statementMap":{"0":{"start":{"line":2,"column":19},"end":{"line":2,"column":21}},"1":{"start":{"line":5,"column":4},"end":{"line":16,"column":6}},"2":{"start":{"line":6,"column":8},"end":{"line":15,"column":9}},"3":{"start":{"line":7,"column":12},"end":{"line":7,"column":56}},"4":{"start":{"line":8,"column":12},"end":{"line":14,"column":13}},"5":{"start":{"line":9,"column":16},"end":{"line":9,"column":36}},"6":{"start":{"line":10,"column":19},"end":{"line":14,"column":13}},"7":{"start":{"line":11,"column":16},"end":{"line":11,"column":35}},"8":{"start":{"line":13,"column":16},"end":{"line":13,"column":35}},"9":{"start":{"line":18,"column":4},"end":{"line":18,"column":18}},"10":{"start":{"line":24,"column":8},"end":{"line":24,"column":47}},"11":{"start":{"line":24,"column":24},"end":{"line":24,"column":46}},"12":{"start":{"line":27,"column":4},"end":{"line":27,"column":55}}},"fnMap":{"0":{"name":"attackResult","decl":{"start":{"line":1,"column":24},"end":{"line":1,"column":36}},"loc":{"start":{"line":1,"column":58},"end":{"line":19,"column":1}},"line":1},"1":{"name":"(anonymous_1)","decl":{"start":{"line":5,"column":48},"end":{"line":5,"column":49}},"loc":{"start":{"line":5,"column":77},"end":{"line":16,"column":5}},"line":5},"2":{"name":"matchers","decl":{"start":{"line":22,"column":16},"end":{"line":22,"column":24}},"loc":{"start":{"line":22,"column":39},"end":{"line":28,"column":1}},"line":22},"3":{"name":"sortedByHealth","decl":{"start":{"line":23,"column":13},"end":{"line":23,"column":27}},"loc":{"start":{"line":23,"column":32},"end":{"line":25,"column":5}},"line":23},"4":{"name":"(anonymous_4)","decl":{"start":{"line":24,"column":15},"end":{"line":24,"column":16}},"loc":{"start":{"line":24,"column":24},"end":{"line":24,"column":46}},"line":24}},"branchMap":{"0":{"loc":{"start":{"line":6,"column":8},"end":{"line":15,"column":9}},"type":"if","locations":[{"start":{"line":6,"column":8},"end":{"line":15,"column":9}},{"start":{},"end":{}}],"line":6},"1":{"loc":{"start":{"line":8,"column":12},"end":{"line":14,"column":13}},"type":"if","locations":[{"start":{"line":8,"column":12},"end":{"line":14,"column":13}},{"start":{"line":10,"column":19},"end":{"line":14,"column":13}}],"line":8},"2":{"loc":{"start":{"line":10,"column":19},"end":{"line":14,"column":13}},"type":"if","locations":[{"start":{"line":10,"column":19},"end":{"line":14,"column":13}},{"start":{"line":12,"column":19},"end":{"line":14,"column":13}}],"line":10},"3":{"loc":{"start":{"line":24,"column":24},"end":{"line":24,"column":46}},"type":"cond-expr","locations":[{"start":{"line":24,"column":40},"end":{"line":24,"column":41}},{"start":{"line":24,"column":44},"end":{"line":24,"column":46}}],"line":24}},"s":{"0":3,"1":3,"2":6,"3":3,"4":3,"5":1,"6":2,"7":1,"8":1,"9":3,"10":1,"11":4,"12":1},"f":{"0":3,"1":6,"2":1,"3":1,"4":4},"b":{"0":[3,3],"1":[1,2],"2":[1,1],"3":[2,2]},"_coverageSchema":"1a1c01bbd47fc00a2c39e90264f33305004495a9","hash":"04a823c9ed6c0a07f2843a62d531540f4c7dc8d5"}
}
