{"D:\\Домашние работы по JS\\test-ci\\src\\js\\basic.js": {"path":"D:\\Домашние работы по JS\\test-ci\\src\\js\\basic.js","statementMap":{"0":{"start":{"line":2,"column":17},"end":{"line":2,"column":19}},"1":{"start":{"line":5,"column":2},"end":{"line":17,"column":5}},"2":{"start":{"line":6,"column":4},"end":{"line":16,"column":5}},"3":{"start":{"line":7,"column":30},"end":{"line":7,"column":44}},"4":{"start":{"line":9,"column":6},"end":{"line":15,"column":7}},"5":{"start":{"line":10,"column":8},"end":{"line":10,"column":28}},"6":{"start":{"line":11,"column":13},"end":{"line":15,"column":7}},"7":{"start":{"line":12,"column":8},"end":{"line":12,"column":27}},"8":{"start":{"line":14,"column":8},"end":{"line":14,"column":27}},"9":{"start":{"line":19,"column":2},"end":{"line":19,"column":16}},"10":{"start":{"line":24,"column":4},"end":{"line":24,"column":46}},"11":{"start":{"line":24,"column":22},"end":{"line":24,"column":44}},"12":{"start":{"line":27,"column":2},"end":{"line":27,"column":53}}},"fnMap":{"0":{"name":"attackResult","decl":{"start":{"line":1,"column":24},"end":{"line":1,"column":36}},"loc":{"start":{"line":1,"column":58},"end":{"line":20,"column":1}},"line":1},"1":{"name":"(anonymous_1)","decl":{"start":{"line":5,"column":46},"end":{"line":5,"column":47}},"loc":{"start":{"line":5,"column":75},"end":{"line":17,"column":3}},"line":5},"2":{"name":"matchers","decl":{"start":{"line":22,"column":16},"end":{"line":22,"column":24}},"loc":{"start":{"line":22,"column":39},"end":{"line":28,"column":1}},"line":22},"3":{"name":"sortedByHealth","decl":{"start":{"line":23,"column":11},"end":{"line":23,"column":25}},"loc":{"start":{"line":23,"column":30},"end":{"line":25,"column":3}},"line":23},"4":{"name":"(anonymous_4)","decl":{"start":{"line":24,"column":11},"end":{"line":24,"column":12}},"loc":{"start":{"line":24,"column":22},"end":{"line":24,"column":44}},"line":24}},"branchMap":{"0":{"loc":{"start":{"line":6,"column":4},"end":{"line":16,"column":5}},"type":"if","locations":[{"start":{"line":6,"column":4},"end":{"line":16,"column":5}},{"start":{},"end":{}}],"line":6},"1":{"loc":{"start":{"line":9,"column":6},"end":{"line":15,"column":7}},"type":"if","locations":[{"start":{"line":9,"column":6},"end":{"line":15,"column":7}},{"start":{"line":11,"column":13},"end":{"line":15,"column":7}}],"line":9},"2":{"loc":{"start":{"line":11,"column":13},"end":{"line":15,"column":7}},"type":"if","locations":[{"start":{"line":11,"column":13},"end":{"line":15,"column":7}},{"start":{"line":13,"column":13},"end":{"line":15,"column":7}}],"line":11},"3":{"loc":{"start":{"line":24,"column":22},"end":{"line":24,"column":44}},"type":"cond-expr","locations":[{"start":{"line":24,"column":38},"end":{"line":24,"column":39}},{"start":{"line":24,"column":42},"end":{"line":24,"column":44}}],"line":24}},"s":{"0":3,"1":3,"2":6,"3":3,"4":3,"5":1,"6":2,"7":1,"8":1,"9":3,"10":1,"11":4,"12":1},"f":{"0":3,"1":6,"2":1,"3":1,"4":4},"b":{"0":[3,3],"1":[1,2],"2":[1,1],"3":[2,2]},"_coverageSchema":"1a1c01bbd47fc00a2c39e90264f33305004495a9","hash":"9c81586ca206fd8ec71fd1a8a36a812fbeb51f29"}
}
